<?xml version="1.0" encoding="UTF-8"?>
<!-- Generated by org.testng.reporters.JUnitReportReporter -->
<testsuite skipped="0" hostname="DESKTOP-N60QB27" name="practise.T4" tests="1" failures="0" timestamp="2022-10-03T11:28:44 IST" time="12.346" errors="0">
  <testcase name="m1" time="12.346" classname="practise.T4"/>
  <system-out/>
</testsuite> <!-- practise.T4 -->
