<?xml version="1.0" encoding="UTF-8"?>
<!-- Generated by org.testng.reporters.JUnitReportReporter -->
<testsuite skipped="0" hostname="DESKTOP-N60QB27" name="practise.T5" tests="1" failures="0" timestamp="2022-10-03T11:31:07 IST" time="11.618" errors="0">
  <testcase name="m1" time="11.618" classname="practise.T5"/>
  <system-out/>
</testsuite> <!-- practise.T5 -->
