<?xml version="1.0" encoding="UTF-8"?>
<!-- Generated by org.testng.reporters.JUnitReportReporter -->
<testsuite skipped="0" hostname="DESKTOP-N60QB27" name="practise.T1" tests="1" failures="0" timestamp="2022-10-03T11:14:57 IST" time="21.856" errors="0">
  <testcase name="m1" time="21.856" classname="practise.T1"/>
  <system-out/>
</testsuite> <!-- practise.T1 -->
