<?xml version="1.0" encoding="UTF-8"?>
<!-- Generated by org.testng.reporters.JUnitReportReporter -->
<testsuite skipped="0" hostname="DESKTOP-N60QB27" name="practise.T2" tests="1" failures="0" timestamp="2022-10-03T11:22:37 IST" time="17.750" errors="0">
  <testcase name="m1" time="17.750" classname="practise.T2"/>
  <system-out/>
</testsuite> <!-- practise.T2 -->
