<?xml version="1.0" encoding="UTF-8"?>
<!-- Generated by org.testng.reporters.JUnitReportReporter -->
<testsuite skipped="0" hostname="DESKTOP-N60QB27" name="practise.T3" tests="1" failures="0" timestamp="2022-10-03T11:24:46 IST" time="10.275" errors="0">
  <testcase name="m1" time="10.275" classname="practise.T3"/>
  <system-out/>
</testsuite> <!-- practise.T3 -->
